  ConsoleBios.cpp
C:\Users\bear\source\repos\Bios Hack\Bios Hack\Memory.h(72,1): warning C4312: <function-style-cast>: преобразование из "const DWORD" в "LPVOID" большего размера
C:\Users\bear\source\repos\Bios Hack\Bios Hack\Memory.h(72,1): message : Сообщение диагностики возникло в созданной компилятором функции "T Memory::Read(const DWORD)"
C:\Users\bear\source\repos\Bios Hack\Bios Hack\Memory.h(45,1): warning C4311: reinterpret_cast: усечение указателя из "HMODULE" в "DWORD"
C:\Users\bear\source\repos\Bios Hack\Bios Hack\Memory.h(45,1): warning C4302: reinterpret_cast: усечение из "HMODULE" к "DWORD"
C:\Users\bear\source\repos\Bios Hack\Bios Hack\Memory.h(55,1): warning C4312: <function-style-cast>: преобразование из "const DWORD" в "LPVOID" большего размера
C:\Users\bear\source\repos\Bios Hack\Bios Hack\Hack.h(26): message : выполняется компиляция ссылки на экземпляр шаблон функции "T Memory::Read<DWORD>(const DWORD)"
C:\Users\bear\source\repos\Bios Hack\Bios Hack\Hack.h(26): message :         with
C:\Users\bear\source\repos\Bios Hack\Bios Hack\Hack.h(26): message :         [
C:\Users\bear\source\repos\Bios Hack\Bios Hack\Hack.h(26): message :             T=DWORD
C:\Users\bear\source\repos\Bios Hack\Bios Hack\Hack.h(26): message :         ]
C:\Program Files (x86)\Microsoft Visual Studio\2019\Community\VC\Tools\MSVC\14.23.28105\include\chrono(669): message : выполняется компиляция ссылки на экземпляр класс шаблон функции "std::chrono::duration<double,std::ratio<1,1>>"
C:\Program Files (x86)\Microsoft Visual Studio\2019\Community\VC\Tools\MSVC\14.23.28105\include\chrono(177): message : выполняется компиляция ссылки на экземпляр класс шаблон функции "std::chrono::duration<__int64,std::nano>"
C:\Program Files (x86)\Microsoft Visual Studio\2019\Community\VC\Tools\MSVC\14.23.28105\include\chrono(647): message : выполняется компиляция ссылки на экземпляр класс шаблон функции "std::chrono::time_point<std::chrono::steady_clock,std::chrono::steady_clock::duration>"
C:\Users\bear\source\repos\Bios Hack\Bios Hack\Memory.h(62,1): warning C4312: <function-style-cast>: преобразование из "const DWORD" в "LPVOID" большего размера
C:\Users\bear\source\repos\Bios Hack\Bios Hack\Hack.h(27): message : выполняется компиляция ссылки на экземпляр шаблон функции "void Memory::Write<float>(const DWORD,const T)"
C:\Users\bear\source\repos\Bios Hack\Bios Hack\Hack.h(27): message :         with
C:\Users\bear\source\repos\Bios Hack\Bios Hack\Hack.h(27): message :         [
C:\Users\bear\source\repos\Bios Hack\Bios Hack\Hack.h(27): message :             T=float
C:\Users\bear\source\repos\Bios Hack\Bios Hack\Hack.h(27): message :         ]
  Bios Hack.vcxproj -> C:\Users\bear\source\repos\Bios Hack\x64\Debug\Bios Hack.exe
